<?xml version="1.0" encoding="UTF-8"?>
<testng-results ignored="0" total="12" passed="12" failed="0" skipped="0">
  <reporter-output>
  </reporter-output>
  <suite started-at="2022-07-28T04:52:27Z" name="Suite" finished-at="2022-07-28T04:54:43Z" duration-ms="135520">
    <groups>
    </groups>
    <test started-at="2022-07-28T04:52:27Z" name="Windows 7 Test" finished-at="2022-07-28T04:53:52Z" duration-ms="84708">
      <class name="testNG.Testng1">
        <test-method is-config="true" signature="setUpClass(java.lang.String, java.lang.String, java.lang.String)[pri:0, instance:testNG.Testng1@4b013c76]" started-at="2022-07-28T04:52:28Z" name="setUpClass" finished-at="2022-07-28T04:52:43Z" duration-ms="14192" status="PASS">
          <params>
            <param index="0">
              <value>
                <![CDATA[Firefox]]>
              </value>
            </param>
            <param index="1">
              <value>
                <![CDATA[82.0]]>
              </value>
            </param>
            <param index="2">
              <value>
                <![CDATA[Windows 7]]>
              </value>
            </param>
          </params>
          <reporter-output>
          </reporter-output>
        </test-method> <!-- setUpClass -->
        <test-method signature="scenarioOne()[pri:0, instance:testNG.Testng1@4b013c76]" started-at="2022-07-28T04:52:43Z" name="scenarioOne" finished-at="2022-07-28T04:52:48Z" duration-ms="5893" status="PASS">
          <reporter-output>
          </reporter-output>
        </test-method> <!-- scenarioOne -->
        <test-method is-config="true" signature="close()[pri:0, instance:testNG.Testng1@4b013c76]" started-at="2022-07-28T04:52:49Z" name="close" finished-at="2022-07-28T04:52:49Z" duration-ms="773" status="PASS">
          <reporter-output>
          </reporter-output>
        </test-method> <!-- close -->
        <test-method is-config="true" signature="setUpClass(java.lang.String, java.lang.String, java.lang.String)[pri:0, instance:testNG.Testng1@4b013c76]" started-at="2022-07-28T04:52:49Z" name="setUpClass" finished-at="2022-07-28T04:53:03Z" duration-ms="14193" status="PASS">
          <params>
            <param index="0">
              <value>
                <![CDATA[Firefox]]>
              </value>
            </param>
            <param index="1">
              <value>
                <![CDATA[82.0]]>
              </value>
            </param>
            <param index="2">
              <value>
                <![CDATA[Windows 7]]>
              </value>
            </param>
          </params>
          <reporter-output>
          </reporter-output>
        </test-method> <!-- setUpClass -->
        <test-method signature="secondScenario()[pri:1, instance:testNG.Testng1@4b013c76]" started-at="2022-07-28T04:53:03Z" name="secondScenario" finished-at="2022-07-28T04:53:13Z" duration-ms="9683" status="PASS">
          <reporter-output>
          </reporter-output>
        </test-method> <!-- secondScenario -->
        <test-method is-config="true" signature="close()[pri:0, instance:testNG.Testng1@4b013c76]" started-at="2022-07-28T04:53:13Z" name="close" finished-at="2022-07-28T04:53:14Z" duration-ms="764" status="PASS">
          <reporter-output>
          </reporter-output>
        </test-method> <!-- close -->
        <test-method is-config="true" signature="setUpClass(java.lang.String, java.lang.String, java.lang.String)[pri:0, instance:testNG.Testng1@4b013c76]" started-at="2022-07-28T04:53:14Z" name="setUpClass" finished-at="2022-07-28T04:53:46Z" duration-ms="31777" status="PASS">
          <params>
            <param index="0">
              <value>
                <![CDATA[Firefox]]>
              </value>
            </param>
            <param index="1">
              <value>
                <![CDATA[82.0]]>
              </value>
            </param>
            <param index="2">
              <value>
                <![CDATA[Windows 7]]>
              </value>
            </param>
          </params>
          <reporter-output>
          </reporter-output>
        </test-method> <!-- setUpClass -->
        <test-method signature="thirdScenario()[pri:2, instance:testNG.Testng1@4b013c76]" started-at="2022-07-28T04:53:46Z" name="thirdScenario" finished-at="2022-07-28T04:53:51Z" duration-ms="5229" status="PASS">
          <reporter-output>
          </reporter-output>
        </test-method> <!-- thirdScenario -->
        <test-method is-config="true" signature="close()[pri:0, instance:testNG.Testng1@4b013c76]" started-at="2022-07-28T04:53:51Z" name="close" finished-at="2022-07-28T04:53:52Z" duration-ms="774" status="PASS">
          <reporter-output>
          </reporter-output>
        </test-method> <!-- close -->
      </class> <!-- testNG.Testng1 -->
    </test> <!-- Windows 7 Test -->
    <test started-at="2022-07-28T04:52:27Z" name="MacOS Test" finished-at="2022-07-28T04:54:00Z" duration-ms="93043">
      <class name="testNG.Testng1">
        <test-method is-config="true" signature="setUpClass(java.lang.String, java.lang.String, java.lang.String)[pri:0, instance:testNG.Testng1@2767e23c]" started-at="2022-07-28T04:52:28Z" name="setUpClass" finished-at="2022-07-28T04:53:04Z" duration-ms="35487" status="PASS">
          <params>
            <param index="0">
              <value>
                <![CDATA[MicrosoftEdge]]>
              </value>
            </param>
            <param index="1">
              <value>
                <![CDATA[87.0]]>
              </value>
            </param>
            <param index="2">
              <value>
                <![CDATA[macOS Sierra]]>
              </value>
            </param>
          </params>
          <reporter-output>
          </reporter-output>
        </test-method> <!-- setUpClass -->
        <test-method signature="scenarioOne()[pri:0, instance:testNG.Testng1@2767e23c]" started-at="2022-07-28T04:53:04Z" name="scenarioOne" finished-at="2022-07-28T04:53:10Z" duration-ms="5910" status="PASS">
          <reporter-output>
          </reporter-output>
        </test-method> <!-- scenarioOne -->
        <test-method is-config="true" signature="close()[pri:0, instance:testNG.Testng1@2767e23c]" started-at="2022-07-28T04:53:10Z" name="close" finished-at="2022-07-28T04:53:10Z" duration-ms="621" status="PASS">
          <reporter-output>
          </reporter-output>
        </test-method> <!-- close -->
        <test-method is-config="true" signature="setUpClass(java.lang.String, java.lang.String, java.lang.String)[pri:0, instance:testNG.Testng1@2767e23c]" started-at="2022-07-28T04:53:10Z" name="setUpClass" finished-at="2022-07-28T04:53:27Z" duration-ms="16449" status="PASS">
          <params>
            <param index="0">
              <value>
                <![CDATA[MicrosoftEdge]]>
              </value>
            </param>
            <param index="1">
              <value>
                <![CDATA[87.0]]>
              </value>
            </param>
            <param index="2">
              <value>
                <![CDATA[macOS Sierra]]>
              </value>
            </param>
          </params>
          <reporter-output>
          </reporter-output>
        </test-method> <!-- setUpClass -->
        <test-method signature="secondScenario()[pri:1, instance:testNG.Testng1@2767e23c]" started-at="2022-07-28T04:53:27Z" name="secondScenario" finished-at="2022-07-28T04:53:36Z" duration-ms="9486" status="PASS">
          <reporter-output>
          </reporter-output>
        </test-method> <!-- secondScenario -->
        <test-method is-config="true" signature="close()[pri:0, instance:testNG.Testng1@2767e23c]" started-at="2022-07-28T04:53:36Z" name="close" finished-at="2022-07-28T04:53:37Z" duration-ms="630" status="PASS">
          <reporter-output>
          </reporter-output>
        </test-method> <!-- close -->
        <test-method is-config="true" signature="setUpClass(java.lang.String, java.lang.String, java.lang.String)[pri:0, instance:testNG.Testng1@2767e23c]" started-at="2022-07-28T04:53:37Z" name="setUpClass" finished-at="2022-07-28T04:53:55Z" duration-ms="17649" status="PASS">
          <params>
            <param index="0">
              <value>
                <![CDATA[MicrosoftEdge]]>
              </value>
            </param>
            <param index="1">
              <value>
                <![CDATA[87.0]]>
              </value>
            </param>
            <param index="2">
              <value>
                <![CDATA[macOS Sierra]]>
              </value>
            </param>
          </params>
          <reporter-output>
          </reporter-output>
        </test-method> <!-- setUpClass -->
        <test-method signature="thirdScenario()[pri:2, instance:testNG.Testng1@2767e23c]" started-at="2022-07-28T04:53:55Z" name="thirdScenario" finished-at="2022-07-28T04:53:59Z" duration-ms="4727" status="PASS">
          <reporter-output>
          </reporter-output>
        </test-method> <!-- thirdScenario -->
        <test-method is-config="true" signature="close()[pri:0, instance:testNG.Testng1@2767e23c]" started-at="2022-07-28T04:53:59Z" name="close" finished-at="2022-07-28T04:54:00Z" duration-ms="640" status="PASS">
          <reporter-output>
          </reporter-output>
        </test-method> <!-- close -->
      </class> <!-- testNG.Testng1 -->
    </test> <!-- MacOS Test -->
    <test started-at="2022-07-28T04:52:27Z" name="Windows 10 Test" finished-at="2022-07-28T04:54:37Z" duration-ms="129952">
      <class name="testNG.Testng1">
        <test-method is-config="true" signature="setUpClass(java.lang.String, java.lang.String, java.lang.String)[pri:0, instance:testNG.Testng1@5032714f]" started-at="2022-07-28T04:52:28Z" name="setUpClass" finished-at="2022-07-28T04:53:27Z" duration-ms="58688" status="PASS">
          <params>
            <param index="0">
              <value>
                <![CDATA[Chrome]]>
              </value>
            </param>
            <param index="1">
              <value>
                <![CDATA[88.0]]>
              </value>
            </param>
            <param index="2">
              <value>
                <![CDATA[Windows 10]]>
              </value>
            </param>
          </params>
          <reporter-output>
          </reporter-output>
        </test-method> <!-- setUpClass -->
        <test-method signature="scenarioOne()[pri:0, instance:testNG.Testng1@5032714f]" started-at="2022-07-28T04:53:27Z" name="scenarioOne" finished-at="2022-07-28T04:53:33Z" duration-ms="5866" status="PASS">
          <reporter-output>
          </reporter-output>
        </test-method> <!-- scenarioOne -->
        <test-method is-config="true" signature="close()[pri:0, instance:testNG.Testng1@5032714f]" started-at="2022-07-28T04:53:33Z" name="close" finished-at="2022-07-28T04:53:33Z" duration-ms="441" status="PASS">
          <reporter-output>
          </reporter-output>
        </test-method> <!-- close -->
        <test-method is-config="true" signature="setUpClass(java.lang.String, java.lang.String, java.lang.String)[pri:0, instance:testNG.Testng1@5032714f]" started-at="2022-07-28T04:53:33Z" name="setUpClass" finished-at="2022-07-28T04:54:04Z" duration-ms="30528" status="PASS">
          <params>
            <param index="0">
              <value>
                <![CDATA[Chrome]]>
              </value>
            </param>
            <param index="1">
              <value>
                <![CDATA[88.0]]>
              </value>
            </param>
            <param index="2">
              <value>
                <![CDATA[Windows 10]]>
              </value>
            </param>
          </params>
          <reporter-output>
          </reporter-output>
        </test-method> <!-- setUpClass -->
        <test-method signature="secondScenario()[pri:1, instance:testNG.Testng1@5032714f]" started-at="2022-07-28T04:54:04Z" name="secondScenario" finished-at="2022-07-28T04:54:13Z" duration-ms="9405" status="PASS">
          <reporter-output>
          </reporter-output>
        </test-method> <!-- secondScenario -->
        <test-method is-config="true" signature="close()[pri:0, instance:testNG.Testng1@5032714f]" started-at="2022-07-28T04:54:13Z" name="close" finished-at="2022-07-28T04:54:14Z" duration-ms="433" status="PASS">
          <reporter-output>
          </reporter-output>
        </test-method> <!-- close -->
        <test-method is-config="true" signature="setUpClass(java.lang.String, java.lang.String, java.lang.String)[pri:0, instance:testNG.Testng1@5032714f]" started-at="2022-07-28T04:54:14Z" name="setUpClass" finished-at="2022-07-28T04:54:32Z" duration-ms="18698" status="PASS">
          <params>
            <param index="0">
              <value>
                <![CDATA[Chrome]]>
              </value>
            </param>
            <param index="1">
              <value>
                <![CDATA[88.0]]>
              </value>
            </param>
            <param index="2">
              <value>
                <![CDATA[Windows 10]]>
              </value>
            </param>
          </params>
          <reporter-output>
          </reporter-output>
        </test-method> <!-- setUpClass -->
        <test-method signature="thirdScenario()[pri:2, instance:testNG.Testng1@5032714f]" started-at="2022-07-28T04:54:32Z" name="thirdScenario" finished-at="2022-07-28T04:54:37Z" duration-ms="4083" status="PASS">
          <reporter-output>
          </reporter-output>
        </test-method> <!-- thirdScenario -->
        <test-method is-config="true" signature="close()[pri:0, instance:testNG.Testng1@5032714f]" started-at="2022-07-28T04:54:37Z" name="close" finished-at="2022-07-28T04:54:37Z" duration-ms="384" status="PASS">
          <reporter-output>
          </reporter-output>
        </test-method> <!-- close -->
      </class> <!-- testNG.Testng1 -->
    </test> <!-- Windows 10 Test -->
    <test started-at="2022-07-28T04:52:27Z" name="Windows 10" finished-at="2022-07-28T04:54:43Z" duration-ms="135517">
      <class name="testNG.Testng1">
        <test-method is-config="true" signature="setUpClass(java.lang.String, java.lang.String, java.lang.String)[pri:0, instance:testNG.Testng1@7ce69770]" started-at="2022-07-28T04:52:28Z" name="setUpClass" finished-at="2022-07-28T04:52:43Z" duration-ms="14401" status="PASS">
          <params>
            <param index="0">
              <value>
                <![CDATA[Internet Explorer]]>
              </value>
            </param>
            <param index="1">
              <value>
                <![CDATA[11.0]]>
              </value>
            </param>
            <param index="2">
              <value>
                <![CDATA[Windows 10]]>
              </value>
            </param>
          </params>
          <reporter-output>
          </reporter-output>
        </test-method> <!-- setUpClass -->
        <test-method signature="scenarioOne()[pri:0, instance:testNG.Testng1@7ce69770]" started-at="2022-07-28T04:52:43Z" name="scenarioOne" finished-at="2022-07-28T04:52:49Z" duration-ms="5922" status="PASS">
          <reporter-output>
          </reporter-output>
        </test-method> <!-- scenarioOne -->
        <test-method is-config="true" signature="close()[pri:0, instance:testNG.Testng1@7ce69770]" started-at="2022-07-28T04:52:49Z" name="close" finished-at="2022-07-28T04:52:49Z" duration-ms="364" status="PASS">
          <reporter-output>
          </reporter-output>
        </test-method> <!-- close -->
        <test-method is-config="true" signature="setUpClass(java.lang.String, java.lang.String, java.lang.String)[pri:0, instance:testNG.Testng1@7ce69770]" started-at="2022-07-28T04:52:49Z" name="setUpClass" finished-at="2022-07-28T04:54:12Z" duration-ms="82732" status="PASS">
          <params>
            <param index="0">
              <value>
                <![CDATA[Internet Explorer]]>
              </value>
            </param>
            <param index="1">
              <value>
                <![CDATA[11.0]]>
              </value>
            </param>
            <param index="2">
              <value>
                <![CDATA[Windows 10]]>
              </value>
            </param>
          </params>
          <reporter-output>
          </reporter-output>
        </test-method> <!-- setUpClass -->
        <test-method signature="secondScenario()[pri:1, instance:testNG.Testng1@7ce69770]" started-at="2022-07-28T04:54:12Z" name="secondScenario" finished-at="2022-07-28T04:54:22Z" duration-ms="9708" status="PASS">
          <reporter-output>
          </reporter-output>
        </test-method> <!-- secondScenario -->
        <test-method is-config="true" signature="close()[pri:0, instance:testNG.Testng1@7ce69770]" started-at="2022-07-28T04:54:22Z" name="close" finished-at="2022-07-28T04:54:22Z" duration-ms="327" status="PASS">
          <reporter-output>
          </reporter-output>
        </test-method> <!-- close -->
        <test-method is-config="true" signature="setUpClass(java.lang.String, java.lang.String, java.lang.String)[pri:0, instance:testNG.Testng1@7ce69770]" started-at="2022-07-28T04:54:22Z" name="setUpClass" finished-at="2022-07-28T04:54:35Z" duration-ms="12881" status="PASS">
          <params>
            <param index="0">
              <value>
                <![CDATA[Internet Explorer]]>
              </value>
            </param>
            <param index="1">
              <value>
                <![CDATA[11.0]]>
              </value>
            </param>
            <param index="2">
              <value>
                <![CDATA[Windows 10]]>
              </value>
            </param>
          </params>
          <reporter-output>
          </reporter-output>
        </test-method> <!-- setUpClass -->
        <test-method signature="thirdScenario()[pri:2, instance:testNG.Testng1@7ce69770]" started-at="2022-07-28T04:54:35Z" name="thirdScenario" finished-at="2022-07-28T04:54:42Z" duration-ms="7308" status="PASS">
          <reporter-output>
          </reporter-output>
        </test-method> <!-- thirdScenario -->
        <test-method is-config="true" signature="close()[pri:0, instance:testNG.Testng1@7ce69770]" started-at="2022-07-28T04:54:42Z" name="close" finished-at="2022-07-28T04:54:43Z" duration-ms="448" status="PASS">
          <reporter-output>
          </reporter-output>
        </test-method> <!-- close -->
      </class> <!-- testNG.Testng1 -->
    </test> <!-- Windows 10 -->
  </suite> <!-- Suite -->
</testng-results>
