<?xml version="1.0" encoding="UTF-8"?>
<!-- Generated by org.testng.reporters.JUnitXMLReporter -->
<testsuite ignored="0" hostname="LAPTOP-IVB62MT9" failures="0" tests="3" name="MacOS Test" time="93.043" errors="0" timestamp="28 Jul 2022 04:54:00 GMT">
  <testcase classname="testNG.Testng1" name="scenarioOne" time="5.91"/>
  <testcase classname="testNG.Testng1" name="secondScenario" time="9.486"/>
  <testcase classname="testNG.Testng1" name="thirdScenario" time="4.727"/>
</testsuite> <!-- MacOS Test -->
