<?xml version="1.0" encoding="UTF-8"?>
<!-- Generated by org.testng.reporters.JUnitXMLReporter -->
<testsuite ignored="0" hostname="LAPTOP-IVB62MT9" failures="0" tests="3" name="Windows 10 Test" time="129.952" errors="0" timestamp="28 Jul 2022 04:54:37 GMT">
  <testcase classname="testNG.Testng1" name="scenarioOne" time="5.866"/>
  <testcase classname="testNG.Testng1" name="secondScenario" time="9.405"/>
  <testcase classname="testNG.Testng1" name="thirdScenario" time="4.083"/>
</testsuite> <!-- Windows 10 Test -->
