<?xml version="1.0" encoding="UTF-8"?>
<!-- Generated by org.testng.reporters.JUnitXMLReporter -->
<testsuite ignored="0" hostname="LAPTOP-IVB62MT9" failures="0" tests="3" name="Windows 10" time="135.517" errors="0" timestamp="28 Jul 2022 04:54:43 GMT">
  <testcase classname="testNG.Testng1" name="scenarioOne" time="5.922"/>
  <testcase classname="testNG.Testng1" name="secondScenario" time="9.708"/>
  <testcase classname="testNG.Testng1" name="thirdScenario" time="7.308"/>
</testsuite> <!-- Windows 10 -->
