<?xml version="1.0" encoding="UTF-8"?>
<!-- Generated by org.testng.reporters.JUnitXMLReporter -->
<testsuite ignored="0" hostname="LAPTOP-IVB62MT9" failures="0" tests="3" name="Windows 7 Test" time="84.708" errors="0" timestamp="28 Jul 2022 04:53:55 GMT">
  <testcase classname="testNG.Testng1" name="scenarioOne" time="5.893"/>
  <testcase classname="testNG.Testng1" name="secondScenario" time="9.683"/>
  <testcase classname="testNG.Testng1" name="thirdScenario" time="5.229"/>
</testsuite> <!-- Windows 7 Test -->
